[Tue Nov 23 15:06:37.282877 2021] [php:warn] [pid 3928:tid 1852] [client 127.0.0.1:53931] PHP Warning:  Undefined array key "student-code" in C:\\Seguran\xc3\xa7a em Aplica\xc3\xa7oes Web\\public_html\\index.php on line 85
[Tue Nov 23 15:06:37.323360 2021] [php:warn] [pid 3928:tid 1852] [client 127.0.0.1:53931] PHP Warning:  Undefined array key "first-name" in C:\\Seguran\xc3\xa7a em Aplica\xc3\xa7oes Web\\public_html\\index.php on line 86
[Tue Nov 23 15:06:37.323360 2021] [php:warn] [pid 3928:tid 1852] [client 127.0.0.1:53931] PHP Warning:  Undefined array key "surname" in C:\\Seguran\xc3\xa7a em Aplica\xc3\xa7oes Web\\public_html\\index.php on line 87
[Tue Nov 23 15:06:37.323360 2021] [php:warn] [pid 3928:tid 1852] [client 127.0.0.1:53931] PHP Warning:  Undefined array key "gender" in C:\\Seguran\xc3\xa7a em Aplica\xc3\xa7oes Web\\public_html\\index.php on line 88
[Tue Nov 23 15:06:37.324568 2021] [php:warn] [pid 3928:tid 1852] [client 127.0.0.1:53931] PHP Warning:  Undefined array key "telephone" in C:\\Seguran\xc3\xa7a em Aplica\xc3\xa7oes Web\\public_html\\index.php on line 89
[Tue Nov 23 15:06:37.324568 2021] [php:warn] [pid 3928:tid 1852] [client 127.0.0.1:53931] PHP Warning:  Undefined array key "course" in C:\\Seguran\xc3\xa7a em Aplica\xc3\xa7oes Web\\public_html\\index.php on line 90
[Tue Nov 23 15:06:37.324568 2021] [php:warn] [pid 3928:tid 1852] [client 127.0.0.1:53931] PHP Warning:  Undefined array key "email" in C:\\Seguran\xc3\xa7a em Aplica\xc3\xa7oes Web\\public_html\\index.php on line 91
[Tue Nov 23 15:06:37.324568 2021] [php:warn] [pid 3928:tid 1852] [client 127.0.0.1:53931] PHP Warning:  Undefined array key "observations" in C:\\Seguran\xc3\xa7a em Aplica\xc3\xa7oes Web\\public_html\\index.php on line 92
[Tue Nov 23 15:15:32.943995 2021] [php:warn] [pid 3928:tid 1852] [client 127.0.0.1:53987] PHP Warning:  Undefined array key "student-code" in C:\\Seguran\xc3\xa7a em Aplica\xc3\xa7oes Web\\public_html\\index.php on line 85
[Tue Nov 23 15:15:32.973354 2021] [php:error] [pid 3928:tid 1852] [client 127.0.0.1:53987] PHP Fatal error:  Uncaught ValueError: filter_var(): "regexp" option is missing in C:\\Seguran\xc3\xa7a em Aplica\xc3\xa7oes Web\\public_html\\index.php:85\nStack trace:\n#0 C:\\Seguran\xc3\xa7a em Aplica\xc3\xa7oes Web\\public_html\\index.php(85): filter_var(NULL, 272, Array)\n#1 {main}\n  thrown in C:\\Seguran\xc3\xa7a em Aplica\xc3\xa7oes Web\\public_html\\index.php on line 85
[Tue Nov 23 15:15:52.680627 2021] [php:error] [pid 3928:tid 1852] [client 127.0.0.1:53990] PHP Fatal error:  Uncaught ValueError: filter_var(): "regexp" option is missing in C:\\Seguran\xc3\xa7a em Aplica\xc3\xa7oes Web\\public_html\\index.php:85\nStack trace:\n#0 C:\\Seguran\xc3\xa7a em Aplica\xc3\xa7oes Web\\public_html\\index.php(85): filter_var('wasd', 272, Array)\n#1 {main}\n  thrown in C:\\Seguran\xc3\xa7a em Aplica\xc3\xa7oes Web\\public_html\\index.php on line 85, referer: https://saw.com/
[Tue Nov 23 15:18:53.097563 2021] [php:error] [pid 3928:tid 1852] [client 127.0.0.1:54006] PHP Fatal error:  Uncaught ValueError: filter_var(): "regexp" option is missing in C:\\Seguran\xc3\xa7a em Aplica\xc3\xa7oes Web\\public_html\\index.php:86\nStack trace:\n#0 C:\\Seguran\xc3\xa7a em Aplica\xc3\xa7oes Web\\public_html\\index.php(86): filter_var('wasd', 272, Array)\n#1 {main}\n  thrown in C:\\Seguran\xc3\xa7a em Aplica\xc3\xa7oes Web\\public_html\\index.php on line 86, referer: https://saw.com/
[Tue Nov 23 16:18:47.175573 2021] [php:error] [pid 3928:tid 1852] [client 127.0.0.1:62937] PHP Fatal error:  Uncaught Error: Call to undefined function push() in C:\\Seguran\xc3\xa7a em Aplica\xc3\xa7oes Web\\public_html\\index.php:98\nStack trace:\n#0 {main}\n  thrown in C:\\Seguran\xc3\xa7a em Aplica\xc3\xa7oes Web\\public_html\\index.php on line 98, referer: https://saw.com/
[Tue Nov 23 16:25:04.372579 2021] [php:warn] [pid 3928:tid 1852] [client 127.0.0.1:62977] PHP Warning:  Undefined variable $errors in C:\\Seguran\xc3\xa7a em Aplica\xc3\xa7oes Web\\public_html\\index.php on line 81, referer: https://saw.com/
[Tue Nov 23 16:25:04.410641 2021] [php:warn] [pid 3928:tid 1852] [client 127.0.0.1:62977] PHP Warning:  foreach() argument must be of type array|object, null given in C:\\Seguran\xc3\xa7a em Aplica\xc3\xa7oes Web\\public_html\\index.php on line 81, referer: https://saw.com/
[Tue Nov 23 16:27:23.022551 2021] [php:warn] [pid 3928:tid 1852] [client 127.0.0.1:62993] PHP Warning:  Undefined variable $errors in C:\\Seguran\xc3\xa7a em Aplica\xc3\xa7oes Web\\public_html\\index.php on line 64
[Tue Nov 23 16:27:23.022551 2021] [php:warn] [pid 3928:tid 1852] [client 127.0.0.1:62993] PHP Warning:  foreach() argument must be of type array|object, null given in C:\\Seguran\xc3\xa7a em Aplica\xc3\xa7oes Web\\public_html\\index.php on line 64
[Tue Nov 30 14:37:57.478425 2021] [php:error] [pid 9252:tid 1928] [client 127.0.0.1:51615] PHP Parse error:  syntax error, unexpected identifier "href" in C:\\Seguran\xc3\xa7a em Aplica\xc3\xa7oes Web\\public_html\\test.php on line 2
[Tue Dec 07 14:49:38.567752 2021] [php:error] [pid 2680:tid 1876] [client 127.0.0.1:53663] PHP Fatal error:  Uncaught PDOException: SQLSTATE[42S22]: Column not found: 1054 Unknown column 'user.studentCode' in 'where clause' in C:\\Seguran\xc3\xa7a em Aplica\xc3\xa7oes Web\\public_html\\classes\\signup.class.php:30\nStack trace:\n#0 C:\\Seguran\xc3\xa7a em Aplica\xc3\xa7oes Web\\public_html\\classes\\signup.class.php(30): PDOStatement->execute(Array)\n#1 C:\\Seguran\xc3\xa7a em Aplica\xc3\xa7oes Web\\public_html\\classes\\signupController.class.php(178): SignUp->verifyUser('8200615', '8200615@estg.ip...')\n#2 C:\\Seguran\xc3\xa7a em Aplica\xc3\xa7oes Web\\public_html\\classes\\signupController.class.php(68): SignUpController->userTaken()\n#3 C:\\Seguran\xc3\xa7a em Aplica\xc3\xa7oes Web\\public_html\\includes\\signup.inc.php(33): SignUpController->signupUser()\n#4 {main}\n  thrown in C:\\Seguran\xc3\xa7a em Aplica\xc3\xa7oes Web\\public_html\\classes\\signup.class.php on line 30, referer: https://saw.com/includes/signup.inc.php
[Tue Dec 07 16:18:12.586869 2021] [php:warn] [pid 2680:tid 1912] [client 127.0.0.1:59352] PHP Warning:  Undefined variable $message in C:\\Seguran\xc3\xa7a em Aplica\xc3\xa7oes Web\\public_html\\includes\\signin.inc.php on line 53
[Tue Dec 07 16:18:36.837238 2021] [php:error] [pid 2680:tid 1912] [client 127.0.0.1:59359] PHP Fatal error:  Uncaught Error: Call to undefined method PDOStatement::bind_params() in C:\\Seguran\xc3\xa7a em Aplica\xc3\xa7oes Web\\public_html\\classes\\signin.class.php:5\nStack trace:\n#0 C:\\Seguran\xc3\xa7a em Aplica\xc3\xa7oes Web\\public_html\\classes\\signinController.class.php(24): SignIn->getUser('8200615@estg.ip...', 'Password@SAW007')\n#1 C:\\Seguran\xc3\xa7a em Aplica\xc3\xa7oes Web\\public_html\\includes\\signin.inc.php(16): SignInController->signinUser()\n#2 {main}\n  thrown in C:\\Seguran\xc3\xa7a em Aplica\xc3\xa7oes Web\\public_html\\classes\\signin.class.php on line 5, referer: https://saw.com/includes/signin.inc.php
[Tue Dec 07 16:20:57.141873 2021] [php:error] [pid 2680:tid 1912] [client 127.0.0.1:59367] PHP Fatal error:  Uncaught Error: Call to undefined method PDOStatement::bind_param() in C:\\Seguran\xc3\xa7a em Aplica\xc3\xa7oes Web\\public_html\\classes\\signin.class.php:5\nStack trace:\n#0 C:\\Seguran\xc3\xa7a em Aplica\xc3\xa7oes Web\\public_html\\classes\\signinController.class.php(24): SignIn->getUser('8200615@estg.ip...', 'Password@SAW007')\n#1 C:\\Seguran\xc3\xa7a em Aplica\xc3\xa7oes Web\\public_html\\includes\\signin.inc.php(16): SignInController->signinUser()\n#2 {main}\n  thrown in C:\\Seguran\xc3\xa7a em Aplica\xc3\xa7oes Web\\public_html\\classes\\signin.class.php on line 5, referer: https://saw.com/includes/signin.inc.php
[Tue Dec 07 16:22:54.141896 2021] [php:error] [pid 2680:tid 1912] [client 127.0.0.1:57001] PHP Fatal error:  Uncaught PDOException: SQLSTATE[HY093]: Invalid parameter number: parameter was not defined in C:\\Seguran\xc3\xa7a em Aplica\xc3\xa7oes Web\\public_html\\classes\\signin.class.php:6\nStack trace:\n#0 C:\\Seguran\xc3\xa7a em Aplica\xc3\xa7oes Web\\public_html\\classes\\signin.class.php(6): PDOStatement->execute()\n#1 C:\\Seguran\xc3\xa7a em Aplica\xc3\xa7oes Web\\public_html\\classes\\signinController.class.php(24): SignIn->getUser('8200615@estg.ip...', 'Password@SAW007')\n#2 C:\\Seguran\xc3\xa7a em Aplica\xc3\xa7oes Web\\public_html\\includes\\signin.inc.php(16): SignInController->signinUser()\n#3 {main}\n  thrown in C:\\Seguran\xc3\xa7a em Aplica\xc3\xa7oes Web\\public_html\\classes\\signin.class.php on line 6, referer: https://saw.com/includes/signin.inc.php
[Tue Dec 07 16:24:46.404468 2021] [php:error] [pid 2680:tid 1912] [client 127.0.0.1:57018] PHP Fatal error:  Uncaught Error: Call to undefined method PDOStatement::close() in C:\\Seguran\xc3\xa7a em Aplica\xc3\xa7oes Web\\public_html\\classes\\signin.class.php:46\nStack trace:\n#0 C:\\Seguran\xc3\xa7a em Aplica\xc3\xa7oes Web\\public_html\\classes\\signinController.class.php(24): SignIn->getUser('8200615@estg.ip...', 'Password@SAW007')\n#1 C:\\Seguran\xc3\xa7a em Aplica\xc3\xa7oes Web\\public_html\\includes\\signin.inc.php(16): SignInController->signinUser()\n#2 {main}\n  thrown in C:\\Seguran\xc3\xa7a em Aplica\xc3\xa7oes Web\\public_html\\classes\\signin.class.php on line 46, referer: https://saw.com/includes/signin.inc.php
